<?xml version="1.0" encoding="UTF-8"?>
<!-- Generated by org.testng.reporters.JUnitReportReporter -->
<testsuite skipped="0" hostname="Yunuss-MacBook-Air.local" name="com.qa.ispeakbetter.tests.LoginPageTest" tests="3" failures="0" timestamp="2020-10-11T22:21:42 EDT" time="48.527" errors="0">
  <testcase name="clickToLibraryButton" time="19.726" classname="com.qa.ispeakbetter.tests.LoginPageTest"/>
  <system-out/>
  <testcase name="verifyRedeemButtonEnabled" time="13.632" classname="com.qa.ispeakbetter.tests.LoginPageTest"/>
  <system-out/>
  <testcase name="verifyTitle" time="15.169" classname="com.qa.ispeakbetter.tests.LoginPageTest"/>
  <system-out/>
</testsuite> <!-- com.qa.ispeakbetter.tests.LoginPageTest -->
