<?xml version="1.0" encoding="UTF-8"?>
<!-- Generated by org.testng.reporters.JUnitReportReporter -->
<testsuite skipped="0" hostname="Yunuss-MacBook-Air.local" name="com.qa.ispeakbetter.tests.HomePageTest" tests="4" failures="0" timestamp="2020-10-11T22:21:42 EDT" time="55.656" errors="0">
  <testcase name="fillOutProgram" time="26.909" classname="com.qa.ispeakbetter.tests.HomePageTest"/>
  <system-out/>
  <testcase name="verifyHomePageTitle" time="6.110" classname="com.qa.ispeakbetter.tests.HomePageTest"/>
  <system-out/>
  <testcase name="verifyUrl" time="5.876" classname="com.qa.ispeakbetter.tests.HomePageTest"/>
  <system-out/>
  <testcase name="doLogin" time="16.761" classname="com.qa.ispeakbetter.tests.HomePageTest"/>
  <system-out/>
</testsuite> <!-- com.qa.ispeakbetter.tests.HomePageTest -->
