<?xml version="1.0" encoding="UTF-8"?>
<!-- Generated by org.testng.reporters.JUnitReportReporter -->
<testsuite skipped="0" hostname="Yunuss-MacBook-Air.local" name="com.qa.ispeakbetter.tests.LibraryPageTest" tests="1" failures="0" timestamp="2020-10-11T22:43:04 EDT" time="14.988" errors="0">
  <testcase name="HeaderLinks" time="14.988" classname="com.qa.ispeakbetter.tests.LibraryPageTest"/>
  <system-out/>
</testsuite> <!-- com.qa.ispeakbetter.tests.LibraryPageTest -->
